#
# There is insufficient memory for the Java Runtime Environment to continue.
# Native memory allocation (mmap) failed to map 268435456 bytes for G1 virtual space
# Possible reasons:
#   The system is out of physical RAM or swap space
#   The process is running with CompressedOops enabled, and the Java Heap may be blocking the growth of the native heap
# Possible solutions:
#   Reduce memory load on the system
#   Increase physical memory or swap space
#   Check if swap backing store is full
#   Decrease Java heap size (-Xmx/-Xms)
#   Decrease number of Java threads
#   Decrease Java thread stack sizes (-Xss)
#   Set larger code cache with -XX:ReservedCodeCacheSize=
#   JVM is running with Zero Based Compressed Oops mode in which the Java heap is
#     placed in the first 32GB address space. The Java Heap base address is the
#     maximum limit for the native heap growth. Please use -XX:HeapBaseMinAddress
#     to set the Java Heap base and to place the Java Heap above 32GB virtual address.
# This output file may be truncated or incomplete.
#
#  Out of Memory Error (os_windows.cpp:3536), pid=6476, tid=7292
#
# JRE version:  (19.0.2+7) (build )
# Java VM: Java HotSpot(TM) 64-Bit Server VM (19.0.2+7-44, mixed mode, sharing, tiered, compressed oops, compressed class ptrs, g1 gc, windows-amd64)
# No core dump will be written. Minidumps are not enabled by default on client versions of Windows
#

---------------  S U M M A R Y ------------

Command Line: -Dfile.encoding=UTF-8 -XX:+ShowCodeDetailsInExceptionMessages compDepartures.App

Host: Intel(R) Core(TM) i5-4690K CPU @ 3.50GHz, 4 cores, 15G,  Windows 10 , 64 bit Build 19041 (10.0.19041.1889)
Time: Mon Mar 13 04:42:16 2023 GMT Standard Time elapsed time: 0.018304 seconds (0d 0h 0m 0s)

---------------  T H R E A D  ---------------

Current thread (0x000001fbb833aff0):  JavaThread "Unknown thread" [_thread_in_vm, id=7292, stack(0x0000009e52d00000,0x0000009e52e00000)]

Stack: [0x0000009e52d00000,0x0000009e52e00000]
Native frames: (J=compiled Java code, j=interpreted, Vv=VM code, C=native code)
V  [jvm.dll+0x6ee21a]
V  [jvm.dll+0x85765e]
V  [jvm.dll+0x85904e]
V  [jvm.dll+0x859703]
V  [jvm.dll+0x28298f]
V  [jvm.dll+0x6eb009]
V  [jvm.dll+0x6dfbaa]
V  [jvm.dll+0x3573f6]
V  [jvm.dll+0x35ee56]
V  [jvm.dll+0x3b541e]
V  [jvm.dll+0x3b564f]
V  [jvm.dll+0x32c9ea]
V  [jvm.dll+0x32d89e]
V  [jvm.dll+0x821780]
V  [jvm.dll+0x3c2661]
V  [jvm.dll+0x801f51]
V  [jvm.dll+0x44ae8f]
V  [jvm.dll+0x44c811]
C  [jli.dll+0x5287]
C  [ucrtbase.dll+0x21bb2]
C  [KERNEL32.DLL+0x17034]
C  [ntdll.dll+0x526a1]


---------------  P R O C E S S  ---------------

Threads class SMR info:
_java_thread_list=0x00007ffda168d048, length=0, elements={
}

Java Threads: ( => current thread )

Other Threads:
  0x000001fbb83aa390 WorkerThread "GC Thread#0" [stack: 0x0000009e52e00000,0x0000009e52f00000] [id=4188]
  0x000001fbb83bba80 ConcurrentGCThread "G1 Main Marker" [stack: 0x0000009e52f00000,0x0000009e53000000] [id=10144]
  0x000001fbb83bc3c0 WorkerThread "G1 Conc#0" [stack: 0x0000009e53000000,0x0000009e53100000] [id=11880]

[error occurred during error reporting (printing all threads), id 0xc0000005, EXCEPTION_ACCESS_VIOLATION (0xc0000005) at pc=0x00007ffda0e4d427]

VM state: not at safepoint (not fully initialized)

VM Mutex/Monitor currently owned by a thread:  ([mutex/lock_event])
[0x000001fbb8338c40] Heap_lock - owner thread: 0x000001fbb833aff0

Heap address: 0x0000000700c00000, size: 4084 MB, Compressed Oops mode: Zero based, Oop shift amount: 3

CDS archive(s) mapped at: [0x0000000000000000-0x0000000000000000-0x0000000000000000), size 0, SharedBaseAddress: 0x0000000800000000, ArchiveRelocationMode: 0.
Narrow klass base: 0x0000000000000000, Narrow klass shift: 0, Narrow klass range: 0x0

GC Precious Log:
 CardTable entry size: 512
 Card Set container configuration: InlinePtr #cards 4 size 8 Array Of Cards #cards 16 size 48 Howl #buckets 8 coarsen threshold 3686 Howl Bitmap #cards 512 size 80 coarsen threshold 460 Card regions per heap region 1 cards per card region 4096

Heap:
 garbage-first heap   total 0K, used 0K [0x0000000700c00000, 0x0000000800000000)
  region size 2048K, 0 young (0K), 0 survivors (0K)

[error occurred during error reporting (printing heap information), id 0xc0000005, EXCEPTION_ACCESS_VIOLATION (0xc0000005) at pc=0x00007ffda1256649]

GC Heap History (0 events):
No events

Dll operation events (1 events):
Event: 0.009 Loaded shared library C:\Program Files\Java\jdk-19\bin\java.dll

Deoptimization events (0 events):
No events

Classes loaded (0 events):
No events

Classes unloaded (0 events):
No events

Classes redefined (0 events):
No events

Internal exceptions (0 events):
No events

VM Operations (0 events):
No events

Events (0 events):
No events


Dynamic libraries:
0x00007ff64c0b0000 - 0x00007ff64c0c0000 	C:\Program Files\Java\jdk-19\bin\javaw.exe
0x00007ffdfa7f0000 - 0x00007ffdfa9e8000 	C:\Windows\SYSTEM32\ntdll.dll
0x00007ffdf8dc0000 - 0x00007ffdf8e7d000 	C:\Windows\System32\KERNEL32.DLL
0x00007ffdf7f10000 - 0x00007ffdf81de000 	C:\Windows\System32\KERNELBASE.dll
0x00007ffdf8330000 - 0x00007ffdf8430000 	C:\Windows\System32\ucrtbase.dll
0x00007ffdd6ba0000 - 0x00007ffdd6bb8000 	C:\Program Files\Java\jdk-19\bin\jli.dll
0x00007ffdd68f0000 - 0x00007ffdd690b000 	C:\Program Files\Java\jdk-19\bin\VCRUNTIME140.dll
0x00007ffdf8a50000 - 0x00007ffdf8afe000 	C:\Windows\System32\ADVAPI32.dll
0x00007ffdf9fc0000 - 0x00007ffdfa05e000 	C:\Windows\System32\msvcrt.dll
0x00007ffdf8f10000 - 0x00007ffdf8fac000 	C:\Windows\System32\sechost.dll
0x00007ffdf8b00000 - 0x00007ffdf8c25000 	C:\Windows\System32\RPCRT4.dll
0x00007ffdfa3d0000 - 0x00007ffdfa570000 	C:\Windows\System32\USER32.dll
0x00007ffdeb650000 - 0x00007ffdeb8ea000 	C:\Windows\WinSxS\amd64_microsoft.windows.common-controls_6595b64144ccf1df_6.0.19041.1110_none_60b5254171f9507e\COMCTL32.dll
0x00007ffdf8780000 - 0x00007ffdf87a2000 	C:\Windows\System32\win32u.dll
0x00007ffdf9840000 - 0x00007ffdf986a000 	C:\Windows\System32\GDI32.dll
0x00007ffdf85c0000 - 0x00007ffdf86cb000 	C:\Windows\System32\gdi32full.dll
0x00007ffdf87b0000 - 0x00007ffdf884d000 	C:\Windows\System32\msvcp_win.dll
0x00007ffdf5ec0000 - 0x00007ffdf5eca000 	C:\Windows\SYSTEM32\VERSION.dll
0x00007ffdfa5d0000 - 0x00007ffdfa600000 	C:\Windows\System32\IMM32.DLL
0x00007ffdd7900000 - 0x00007ffdd790c000 	C:\Program Files\Java\jdk-19\bin\vcruntime140_1.dll
0x00007ffdbaed0000 - 0x00007ffdbaf5e000 	C:\Program Files\Java\jdk-19\bin\msvcp140.dll
0x00007ffda0b10000 - 0x00007ffda17d0000 	C:\Program Files\Java\jdk-19\bin\server\jvm.dll
0x00007ffdecae0000 - 0x00007ffdecb07000 	C:\Windows\SYSTEM32\WINMM.dll
0x00007ffdf3780000 - 0x00007ffdf3789000 	C:\Windows\SYSTEM32\WSOCK32.dll
0x00007ffdf9080000 - 0x00007ffdf90eb000 	C:\Windows\System32\WS2_32.dll
0x00007ffdf6770000 - 0x00007ffdf6782000 	C:\Windows\SYSTEM32\kernel.appcore.dll
0x00007ffdf66c0000 - 0x00007ffdf66ca000 	C:\Program Files\Java\jdk-19\bin\jimage.dll
0x00007ffdf1020000 - 0x00007ffdf1204000 	C:\Windows\SYSTEM32\DBGHELP.DLL
0x00007ffdf05d0000 - 0x00007ffdf05fc000 	C:\Windows\SYSTEM32\dbgcore.DLL
0x00007ffdf8250000 - 0x00007ffdf82d2000 	C:\Windows\System32\bcryptPrimitives.dll
0x00007ffdd9340000 - 0x00007ffdd9366000 	C:\Program Files\Java\jdk-19\bin\java.dll

dbghelp: loaded successfully - version: 4.0.5 - missing functions: none
symbol engine: initialized successfully - sym options: 0x614 - pdb path: .;C:\Program Files\Java\jdk-19\bin;C:\Windows\SYSTEM32;C:\Windows\WinSxS\amd64_microsoft.windows.common-controls_6595b64144ccf1df_6.0.19041.1110_none_60b5254171f9507e;C:\Program Files\Java\jdk-19\bin\server

VM Arguments:
jvm_args: -Dfile.encoding=UTF-8 -XX:+ShowCodeDetailsInExceptionMessages 
java_command: compDepartures.App
java_class_path (initial): C:\Users\dimov\OneDrive - Brunel University London\Y1 2022-2023\Programming\compDepartures\bin;C:\Users\dimov\OneDrive - Brunel University London\Y1 2022-2023\Programming\compDepartures\miglayout15-swing.jar
Launcher Type: SUN_STANDARD

[Global flags]
     intx CICompilerCount                          = 3                                         {product} {ergonomic}
     uint ConcGCThreads                            = 1                                         {product} {ergonomic}
     uint G1ConcRefinementThreads                  = 4                                         {product} {ergonomic}
   size_t G1HeapRegionSize                         = 2097152                                   {product} {ergonomic}
    uintx GCDrainStackTargetSize                   = 64                                        {product} {ergonomic}
   size_t InitialHeapSize                          = 268435456                                 {product} {ergonomic}
   size_t MarkStackSize                            = 4194304                                   {product} {ergonomic}
   size_t MaxHeapSize                              = 4282384384                                {product} {ergonomic}
   size_t MinHeapDeltaBytes                        = 2097152                                   {product} {ergonomic}
   size_t MinHeapSize                              = 8388608                                   {product} {ergonomic}
    uintx NonNMethodCodeHeapSize                   = 5832780                                {pd product} {ergonomic}
    uintx NonProfiledCodeHeapSize                  = 122912730                              {pd product} {ergonomic}
     bool PerfDisableSharedMem                     = true                                      {product} {ergonomic}
    uintx ProfiledCodeHeapSize                     = 122912730                              {pd product} {ergonomic}
    uintx ReservedCodeCacheSize                    = 251658240                              {pd product} {ergonomic}
     bool SegmentedCodeCache                       = true                                      {product} {ergonomic}
     bool ShowCodeDetailsInExceptionMessages       = true                                   {manageable} {command line}
   size_t SoftMaxHeapSize                          = 4282384384                             {manageable} {ergonomic}
     bool UseCompressedClassPointers               = true                           {product lp64_product} {ergonomic}
     bool UseCompressedOops                        = true                           {product lp64_product} {ergonomic}
     bool UseG1GC                                  = true                                      {product} {ergonomic}
     bool UseLargePagesIndividualAllocation        = false                                  {pd product} {ergonomic}

Logging:
Log output configuration:
 #0: stdout all=warning uptime,level,tags foldmultilines=false
 #1: stderr all=off uptime,level,tags foldmultilines=false

Environment Variables:
PATH=C:/Program Files/Java/jdk-19/bin/server;C:/Program Files/Java/jdk-19/bin;C:\Program Files\Common Files\Oracle\Java\javapath;C:\Program Files (x86)\Common Files\Oracle\Java\javapath;C:\Windows\system32;C:\Windows;C:\Windows\System32\Wbem;C:\Windows\System32\WindowsPowerShell\v1.0\;C:\Windows\System32\OpenSSH\;C:\Program Files (x86)\NVIDIA Corporation\PhysX\Common;C:\Program Files\Git\cmd;C:\Users\dimov\AppData\Local\Microsoft\WindowsApps;C:\Users\dimov\AppData\Local\gitkraken\bin;C:\Users\dimov\OneDrive\Escritorio;
USERNAME=dimov
OS=Windows_NT
PROCESSOR_IDENTIFIER=Intel64 Family 6 Model 60 Stepping 3, GenuineIntel
TMP=C:\Users\dimov\AppData\Local\Temp
TEMP=C:\Users\dimov\AppData\Local\Temp



---------------  S Y S T E M  ---------------

OS:
 Windows 10 , 64 bit Build 19041 (10.0.19041.1889)
OS uptime: 1 days 13:19 hours
Hyper-V role detected

CPU: total 4 (initial active 4) (4 cores per cpu, 1 threads per core) family 6 model 60 stepping 3 microcode 0x27, cx8, cmov, fxsr, mmx, sse, sse2, sse3, ssse3, sse4.1, sse4.2, popcnt, lzcnt, tsc, tscinvbit, avx, avx2, aes, erms, clmul, bmi1, bmi2, fma, vzeroupper, clflush, hv, rdtscp

Memory: 4k page, system-wide physical 16335M (2283M free)
TotalPageFile size 30514M (AvailPageFile size 144M)
current process WorkingSet (physical memory assigned to process): 10M, peak: 10M
current process commit charge ("private bytes"): 52M, peak: 308M

vm_info: Java HotSpot(TM) 64-Bit Server VM (19.0.2+7-44) for windows-amd64 JRE (19.0.2+7-44), built on 2022-11-30T18:02:09Z by "mach5one" with MS VC++ 17.1 (VS2022)

END.
